<?xml version="1.0" encoding="UTF-8"?>
<testsuite xmlns:xsi="http://www.w3.org/2001/XMLSchema-instance" xsi:noNamespaceSchemaLocation="https://maven.apache.org/surefire/maven-surefire-plugin/xsd/surefire-test-report-3.0.xsd" version="3.0" name="com.androidemulatormanager.SdkManagerTest" time="0.54" tests="12" errors="0" skipped="0" failures="0">
  <properties>
    <property name="sun.desktop" value="windows"/>
    <property name="awt.toolkit" value="sun.awt.windows.WToolkit"/>
    <property name="java.specification.version" value="11"/>
    <property name="sun.cpu.isalist" value="amd64"/>
    <property name="sun.jnu.encoding" value="Cp1252"/>
    <property name="java.class.path" value="C:\Users\nmurtas\.m2\repository\org\apache\maven\surefire\surefire-api\3.1.2\surefire-api-3.1.2.jar;C:\Users\nmurtas\.m2\repository\org\apache\maven\surefire\surefire-booter\3.1.2\surefire-booter-3.1.2.jar;C:\Users\nmurtas\.m2\repository\org\apache\maven\surefire\surefire-extensions-spi\3.1.2\surefire-extensions-spi-3.1.2.jar;C:\Users\nmurtas\.m2\repository\org\apache\maven\surefire\surefire-logger-api\3.1.2\surefire-logger-api-3.1.2.jar;C:\Users\nmurtas\.m2\repository\org\apache\maven\surefire\surefire-shared-utils\3.1.2\surefire-shared-utils-3.1.2.jar;C:\Users\nmurtas\OneDrive - Exprivia Spa\Documenti\AndroidEmulatorManager\AndroidEmulatorManagerMavenVersion\target\test-classes;C:\Users\nmurtas\OneDrive - Exprivia Spa\Documenti\AndroidEmulatorManager\AndroidEmulatorManagerMavenVersion\target\classes;C:\Users\nmurtas\.m2\repository\org\junit\jupiter\junit-jupiter\5.10.0\junit-jupiter-5.10.0.jar;C:\Users\nmurtas\.m2\repository\org\junit\jupiter\junit-jupiter-api\5.10.0\junit-jupiter-api-5.10.0.jar;C:\Users\nmurtas\.m2\repository\org\opentest4j\opentest4j\1.3.0\opentest4j-1.3.0.jar;C:\Users\nmurtas\.m2\repository\org\junit\platform\junit-platform-commons\1.10.0\junit-platform-commons-1.10.0.jar;C:\Users\nmurtas\.m2\repository\org\apiguardian\apiguardian-api\1.1.2\apiguardian-api-1.1.2.jar;C:\Users\nmurtas\.m2\repository\org\junit\jupiter\junit-jupiter-params\5.10.0\junit-jupiter-params-5.10.0.jar;C:\Users\nmurtas\.m2\repository\org\junit\jupiter\junit-jupiter-engine\5.10.0\junit-jupiter-engine-5.10.0.jar;C:\Users\nmurtas\.m2\repository\org\junit\platform\junit-platform-engine\1.10.0\junit-platform-engine-1.10.0.jar;C:\Users\nmurtas\.m2\repository\org\mockito\mockito-core\5.5.0\mockito-core-5.5.0.jar;C:\Users\nmurtas\.m2\repository\net\bytebuddy\byte-buddy\1.14.6\byte-buddy-1.14.6.jar;C:\Users\nmurtas\.m2\repository\net\bytebuddy\byte-buddy-agent\1.14.6\byte-buddy-agent-1.14.6.jar;C:\Users\nmurtas\.m2\repository\org\objenesis\objenesis\3.3\objenesis-3.3.jar;C:\Users\nmurtas\.m2\repository\org\mockito\mockito-junit-jupiter\5.5.0\mockito-junit-jupiter-5.5.0.jar;C:\Users\nmurtas\.m2\repository\org\apache\maven\surefire\surefire-junit-platform\3.1.2\surefire-junit-platform-3.1.2.jar;C:\Users\nmurtas\.m2\repository\org\apache\maven\surefire\common-java5\3.1.2\common-java5-3.1.2.jar;C:\Users\nmurtas\.m2\repository\org\junit\platform\junit-platform-launcher\1.10.0\junit-platform-launcher-1.10.0.jar"/>
    <property name="java.vm.vendor" value="Oracle Corporation"/>
    <property name="sun.arch.data.model" value="64"/>
    <property name="user.variant" value=""/>
    <property name="java.vendor.url" value="https://java.oracle.com/"/>
    <property name="user.timezone" value="Europe/Rome"/>
    <property name="java.vm.specification.version" value="11"/>
    <property name="os.name" value="Windows 11"/>
    <property name="sun.java.launcher" value="SUN_STANDARD"/>
    <property name="user.country" value="IT"/>
    <property name="sun.boot.library.path" value="C:\Program Files\Java\jdk-11\bin"/>
    <property name="sun.java.command" value="org.apache.maven.surefire.booter.ForkedBooter C:\Users\nmurtas\AppData\Local\Temp\surefire4818109781258031162 2025-09-10T17-01-12_118-jvmRun1 surefire-20250910170112611_1tmp surefire_0-20250910170112611_2tmp"/>
    <property name="jdk.debug" value="release"/>
    <property name="surefire.test.class.path" value="C:\Users\nmurtas\OneDrive - Exprivia Spa\Documenti\AndroidEmulatorManager\AndroidEmulatorManagerMavenVersion\target\test-classes;C:\Users\nmurtas\OneDrive - Exprivia Spa\Documenti\AndroidEmulatorManager\AndroidEmulatorManagerMavenVersion\target\classes;C:\Users\nmurtas\.m2\repository\org\junit\jupiter\junit-jupiter\5.10.0\junit-jupiter-5.10.0.jar;C:\Users\nmurtas\.m2\repository\org\junit\jupiter\junit-jupiter-api\5.10.0\junit-jupiter-api-5.10.0.jar;C:\Users\nmurtas\.m2\repository\org\opentest4j\opentest4j\1.3.0\opentest4j-1.3.0.jar;C:\Users\nmurtas\.m2\repository\org\junit\platform\junit-platform-commons\1.10.0\junit-platform-commons-1.10.0.jar;C:\Users\nmurtas\.m2\repository\org\apiguardian\apiguardian-api\1.1.2\apiguardian-api-1.1.2.jar;C:\Users\nmurtas\.m2\repository\org\junit\jupiter\junit-jupiter-params\5.10.0\junit-jupiter-params-5.10.0.jar;C:\Users\nmurtas\.m2\repository\org\junit\jupiter\junit-jupiter-engine\5.10.0\junit-jupiter-engine-5.10.0.jar;C:\Users\nmurtas\.m2\repository\org\junit\platform\junit-platform-engine\1.10.0\junit-platform-engine-1.10.0.jar;C:\Users\nmurtas\.m2\repository\org\mockito\mockito-core\5.5.0\mockito-core-5.5.0.jar;C:\Users\nmurtas\.m2\repository\net\bytebuddy\byte-buddy\1.14.6\byte-buddy-1.14.6.jar;C:\Users\nmurtas\.m2\repository\net\bytebuddy\byte-buddy-agent\1.14.6\byte-buddy-agent-1.14.6.jar;C:\Users\nmurtas\.m2\repository\org\objenesis\objenesis\3.3\objenesis-3.3.jar;C:\Users\nmurtas\.m2\repository\org\mockito\mockito-junit-jupiter\5.5.0\mockito-junit-jupiter-5.5.0.jar;"/>
    <property name="sun.cpu.endian" value="little"/>
    <property name="user.home" value="C:\Users\nmurtas"/>
    <property name="user.language" value="it"/>
    <property name="java.specification.vendor" value="Oracle Corporation"/>
    <property name="java.version.date" value="2025-04-15"/>
    <property name="java.home" value="C:\Program Files\Java\jdk-11"/>
    <property name="file.separator" value="\"/>
    <property name="basedir" value="C:\Users\nmurtas\OneDrive - Exprivia Spa\Documenti\AndroidEmulatorManager\AndroidEmulatorManagerMavenVersion"/>
    <property name="java.vm.compressedOopsMode" value="Zero based"/>
    <property name="line.separator" value="&#10;"/>
    <property name="java.specification.name" value="Java Platform API Specification"/>
    <property name="java.vm.specification.vendor" value="Oracle Corporation"/>
    <property name="java.awt.graphicsenv" value="sun.awt.Win32GraphicsEnvironment"/>
    <property name="user.script" value=""/>
    <property name="sun.management.compiler" value="HotSpot 64-Bit Tiered Compilers"/>
    <property name="java.runtime.version" value="11.0.27+8-LTS-232"/>
    <property name="user.name" value="nmurtas"/>
    <property name="path.separator" value=";"/>
    <property name="os.version" value="10.0"/>
    <property name="java.runtime.name" value="Java(TM) SE Runtime Environment"/>
    <property name="file.encoding" value="Cp1252"/>
    <property name="java.vm.name" value="Java HotSpot(TM) 64-Bit Server VM"/>
    <property name="java.vendor.version" value="18.9"/>
    <property name="localRepository" value="C:\Users\nmurtas\.m2\repository"/>
    <property name="java.vendor.url.bug" value="https://bugreport.java.com/bugreport/"/>
    <property name="java.io.tmpdir" value="C:\Users\nmurtas\AppData\Local\Temp\"/>
    <property name="java.version" value="11.0.27"/>
    <property name="user.dir" value="C:\Users\nmurtas\OneDrive - Exprivia Spa\Documenti\AndroidEmulatorManager\AndroidEmulatorManagerMavenVersion"/>
    <property name="os.arch" value="amd64"/>
    <property name="java.vm.specification.name" value="Java Virtual Machine Specification"/>
    <property name="java.awt.printerjob" value="sun.awt.windows.WPrinterJob"/>
    <property name="sun.os.patch.level" value=""/>
    <property name="java.library.path" value="C:\Program Files\Java\jdk-11\bin;C:\WINDOWS\Sun\Java\bin;C:\WINDOWS\system32;C:\WINDOWS;C:\Users\nmurtas\bin;C:\Program Files\Git\mingw64\bin;C:\Program Files\Git\usr\local\bin;C:\Program Files\Git\usr\bin;C:\Program Files\Git\usr\bin;C:\Program Files\Git\mingw64\bin;C:\Program Files\Git\usr\bin;C:\Users\nmurtas\bin;C:\Program Files\Common Files\Oracle\Java\javapath;C:\WINDOWS\system32;C:\WINDOWS;C:\WINDOWS\System32\Wbem;C:\WINDOWS\System32\WindowsPowerShell\v1.0;C:\WINDOWS\System32\OpenSSH;C:\Program Files\dotnet;C:\Users\nmurtas\AppData\Roaming\nvm;C:\nvm4w\nodejs;C:\Program Files\apache-maven-3.9.9\bin;C:\ProgramData\chocolatey\bin;C:\Users\nmurtas\AppData\Roaming\npm;C:\Program Files\PowerShell\7;C:\Program Files\Git\cmd;C:\Program Files\Docker\Docker\resources\bin;C:\Program Files\Java\jdk-11\bin;C:\Users\nmurtas\.cargo\bin;C:\Users\nmurtas\AppData\Local\Programs\Python\Launcher;C:\Users\nmurtas\AppData\Local\Microsoft\WindowsApps;C:\Program Files\JetBrains\IntelliJ IDEA 2023.3.2\bin;C:\Users\nmurtas\AppData\Local\Programs\Microsoft VS Code\bin;C:\Users\nmurtas\AppData\Local\gitkraken\bin;C:\Users\nmurtas\AppData\Roaming\nvm;C:\nvm4w\nodejs;C:\Users\nmurtas\AppData\Local\Microsoft\WindowsApps;C:\Program Files\JetBrains\IntelliJ IDEA 2024.1.7\bin;C:\Android\sdk\cmdline-tools\latest\bin;C:\Android\sdk\platform-tools;C:\Android\sdk\emulator;C:\Program Files\Git\usr\bin\vendor_perl;C:\Program Files\Git\usr\bin\core_perl;."/>
    <property name="java.vendor" value="Oracle Corporation"/>
    <property name="java.vm.info" value="mixed mode"/>
    <property name="java.vm.version" value="11.0.27+8-LTS-232"/>
    <property name="java.specification.maintenance.version" value="3"/>
    <property name="sun.io.unicode.encoding" value="UnicodeLittle"/>
    <property name="java.class.version" value="55.0"/>
  </properties>
  <testcase name="shouldAcceptProgressCallbackCallsDuringDownloadSimulation" classname="com.androidemulatormanager.SdkManagerTest" time="0.225"/>
  <testcase name="shouldHandleNullSdkPathGracefully" classname="com.androidemulatormanager.SdkManagerTest" time="0.005"/>
  <testcase name="shouldCallSetupSdkAndLogAppropriateMessages" classname="com.androidemulatormanager.SdkManagerTest" time="0.117"/>
  <testcase name="shouldReturnSdkManagerPathWhenItExistsOnLinux" classname="com.androidemulatormanager.SdkManagerTest" time="0.011"/>
  <testcase name="shouldReturnAvdManagerPathWhenItExistsOnMacOS" classname="com.androidemulatormanager.SdkManagerTest" time="0.011"/>
  <testcase name="shouldReturnNullForNonExistentAvdManagerPath" classname="com.androidemulatormanager.SdkManagerTest" time="0.005"/>
  <testcase name="shouldInitializeSdkManagerWithoutExceptions" classname="com.androidemulatormanager.SdkManagerTest" time="0.004"/>
  <testcase name="shouldReturnAvdManagerPathWhenItExistsOnWindows" classname="com.androidemulatormanager.SdkManagerTest" time="0.012"/>
  <testcase name="shouldReturnNullForNonExistentSdkManagerPath" classname="com.androidemulatormanager.SdkManagerTest" time="0.006"/>
  <testcase name="shouldHandleEmptySdkPathGracefully" classname="com.androidemulatormanager.SdkManagerTest" time="0.12"/>
  <testcase name="progressInfoShouldStoreValueAndTextCorrectly" classname="com.androidemulatormanager.SdkManagerTest" time="0.009"/>
  <testcase name="shouldReturnSdkManagerPathWhenItExistsOnWindows" classname="com.androidemulatormanager.SdkManagerTest" time="0.007"/>
</testsuite>